Building DAG of jobs...
Using shell: /bin/bash
Provided cores: 2
Rules claiming more threads will be scaled down.
Job counts:
	count	jobs
	1	all
	1	download_ref
	2
Select jobs to execute...

[Tue Feb 16 13:43:38 2021]
rule download_ref:
    output: refGenome/canFam3_chr.fa
    jobid: 10
    resources: walltime=1800, mem=1000000000

[Tue Feb 16 13:45:04 2021]
Finished job 10.
1 of 2 steps (50%) done
Select jobs to execute...

[Tue Feb 16 13:45:08 2021]
localrule all:
    input: qc/fastqc/fastq/Project_TBDY_L1_DTDB05_H1220P_York_1/GN2_S6_L001_R2_001_fastqc.html, qc/fastqc/fastq/Project_TBDY_L1_DTDB05_H1220P_York_1/GN2_S6_L001_R2_001_fastqc.zip, qc/fastqc/fastq/Project_TBDY_L1_DTDB05_H1220P_York_1/GN2_S6_L001_R1_001_fastqc.html, qc/fastqc/fastq/Project_TBDY_L1_DTDB05_H1220P_York_1/GN2_S6_L001_R1_001_fastqc.zip, qc/fastqc/fastq/Project_TBDY_L1_DTDB05_H1220P_York_1/GN10_S19_L001_R1_001_fastqc.html, qc/fastqc/fastq/Project_TBDY_L1_DTDB05_H1220P_York_1/GN10_S19_L001_R1_001_fastqc.zip, qc/fastqc/fastq/Project_TBDY_L1_DTDB05_H1220P_York_1/GN10_S19_L001_R2_001_fastqc.html, qc/fastqc/fastq/Project_TBDY_L1_DTDB05_H1220P_York_1/GN10_S19_L001_R2_001_fastqc.zip, qc/multiqc/fastq/multiqc_report.html, data/uBAM/Project_TBDY_L1_DTDB05_H1220P_York_1/GN2_S6_L001.bam, data/uBAM/Project_TBDY_L1_DTDB05_H1220P_York_1/GN10_S19_L001.bam, data/adap_uBAM/Project_TBDY_L1_DTDB05_H1220P_York_1/GN2_S6_L001.adap.bam, data/adap_uBAM/Project_TBDY_L1_DTDB05_H1220P_York_1/GN10_S19_L001.adap.bam, data/adap_uBAM/Project_TBDY_L1_DTDB05_H1220P_York_1/GN2_S6_L001.adap_metrics.txt, data/adap_uBAM/Project_TBDY_L1_DTDB05_H1220P_York_1/GN10_S19_L001.adap_metrics.txt, refGenome/canFam3_chr.fa
    jobid: 0

[Tue Feb 16 13:45:08 2021]
Finished job 0.
2 of 2 steps (100%) done
Complete log: /home/aparigi/dogCancer/snakemake_pipeline/.snakemake/log/2021-02-16T134337.921106.snakemake.log
