Building DAG of jobs...
Provided cores: 1
Rules claiming more threads will be scaled down.
Unlimited resources: mem, walltime
Job counts:
	count	jobs
	1	CreateSomaticPON
	1	GATK_index
	1	all
	1	bwa_index
	1	download_knowVar
	1	download_ref
	1	multiQC_pre
	1	popCommon
	8

rule download_ref:
    output: refGenome/canFam3_chr.fa
    jobid: 7
    resources: walltime=1800, mem=1000000000

Error in rule download_ref:
    jobid: 7
    output: refGenome/canFam3_chr.fa

RuleException:
ValueError in line 203 of /home/aparigi/dogCancer/snakemake_pipeline/Snakefile:
unexpected '{' in field name
  File "/home/aparigi/dogCancer/snakemake_pipeline/Snakefile", line 203, in __rule_download_ref
  File "/usr/lib/python3.6/string.py", line 190, in format
  File "/usr/lib/python3.6/string.py", line 194, in vformat
  File "/usr/lib/python3.6/string.py", line 204, in _vformat
  File "/usr/lib/python3.6/concurrent/futures/thread.py", line 56, in run
Will exit after finishing currently running jobs.
Exiting because a job execution failed. Look above for error message
Complete log: .snakemake/log/2021-01-15T094337.712268.snakemake.log
