Building DAG of jobs...
Using shell: /bin/bash
Provided cores: 2
Rules claiming more threads will be scaled down.
Job counts:
	count	jobs
	1	all
	1	download_ref
	2
Select jobs to execute...

[Tue Feb 16 10:44:29 2021]
rule download_ref:
    output: refGenome/canFam3_chr.fa
    jobid: 10
    resources: walltime=1800, mem=1000000000

Waiting at most 5 seconds for missing files.
MissingOutputException in line 207 of /home/aparigi/dogCancer/snakemake_pipeline/Snakefile:
Job Missing files after 5 seconds:
refGenome/canFam3_chr.fa
This might be due to filesystem latency. If that is the case, consider to increase the wait time with --latency-wait.
Job id: 10 completed successfully, but some output files are missing. 10
  File "/home/aparigi/miniconda3/envs/snakemake/lib/python3.9/site-packages/snakemake/executors/__init__.py", line 583, in handle_job_success
  File "/home/aparigi/miniconda3/envs/snakemake/lib/python3.9/site-packages/snakemake/executors/__init__.py", line 252, in handle_job_success
Shutting down, this might take some time.
Exiting because a job execution failed. Look above for error message
Complete log: /home/aparigi/dogCancer/snakemake_pipeline/.snakemake/log/2021-02-16T104429.044019.snakemake.log
