Building DAG of jobs...
Provided cores: 1
Rules claiming more threads will be scaled down.
Unlimited resources: walltime, mem
Job counts:
	count	jobs
	1	all
	1	multiQC_pre
	2

rule multiQC_pre:
    input: qc/fastqc/fastq/Project_TBDY_L1_DTDB05_H1220P_York_1/GN2_S6_L001_R2_001_fastqc.html, qc/fastqc/fastq/Project_TBDY_L1_DTDB05_H1220P_York_1/GN2_S6_L001_R1_001_fastqc.html, qc/fastqc/fastq/Project_TBDY_L1_DTDB05_H1220P_York_1/GN10_S19_L001_R1_001_fastqc.html, qc/fastqc/fastq/Project_TBDY_L1_DTDB05_H1220P_York_1/GN10_S19_L001_R2_001_fastqc.html
    output: qc/multiqc/fastq/multiqc_report.html, qc/multiqc/fastq/multiqc_data.zip
    jobid: 3
    resources: walltime=14400, mem=16000000000

Finished job 3.
1 of 2 steps (50%) done

localrule all:
    input: qc/fastqc/fastq/Project_TBDY_L1_DTDB05_H1220P_York_1/GN2_S6_L001_R2_001_fastqc.html, qc/fastqc/fastq/Project_TBDY_L1_DTDB05_H1220P_York_1/GN2_S6_L001_R2_001_fastqc.zip, qc/fastqc/fastq/Project_TBDY_L1_DTDB05_H1220P_York_1/GN2_S6_L001_R1_001_fastqc.html, qc/fastqc/fastq/Project_TBDY_L1_DTDB05_H1220P_York_1/GN2_S6_L001_R1_001_fastqc.zip, qc/fastqc/fastq/Project_TBDY_L1_DTDB05_H1220P_York_1/GN10_S19_L001_R1_001_fastqc.html, qc/fastqc/fastq/Project_TBDY_L1_DTDB05_H1220P_York_1/GN10_S19_L001_R1_001_fastqc.zip, qc/fastqc/fastq/Project_TBDY_L1_DTDB05_H1220P_York_1/GN10_S19_L001_R2_001_fastqc.html, qc/fastqc/fastq/Project_TBDY_L1_DTDB05_H1220P_York_1/GN10_S19_L001_R2_001_fastqc.zip, qc/multiqc/fastq/multiqc_report.html
    jobid: 0

Finished job 0.
2 of 2 steps (100%) done
