Building DAG of jobs...
Provided cores: 1
Rules claiming more threads will be scaled down.
Unlimited resources: mem, walltime
Job counts:
	count	jobs
	1	all
	4	fastqc_pre
	5

rule fastqc_pre:
    input: data/fastq/Project_TBDY_L1_DTDB05_H1220P_York_1/GN2_S6_L001_R2_001.fastq.gz
    output: qc/fastqc/fastq/Project_TBDY_L1_DTDB05_H1220P_York_1/GN2_S6_L001_R2_001_fastqc.html, qc/fastqc/fastq/Project_TBDY_L1_DTDB05_H1220P_York_1/GN2_S6_L001_R2_001_fastqc.zip
    jobid: 3
    wildcards: read=Project_TBDY_L1_DTDB05_H1220P_York_1/GN2_S6_L001_R2_001
    resources: walltime=7200, mem=1000000000

Finished job 3.
1 of 5 steps (20%) done

rule fastqc_pre:
    input: data/fastq/Project_TBDY_L1_DTDB05_H1220P_York_1/GN2_S6_L001_R1_001.fastq.gz
    output: qc/fastqc/fastq/Project_TBDY_L1_DTDB05_H1220P_York_1/GN2_S6_L001_R1_001_fastqc.html, qc/fastqc/fastq/Project_TBDY_L1_DTDB05_H1220P_York_1/GN2_S6_L001_R1_001_fastqc.zip
    jobid: 1
    wildcards: read=Project_TBDY_L1_DTDB05_H1220P_York_1/GN2_S6_L001_R1_001
    resources: walltime=7200, mem=1000000000

Finished job 1.
2 of 5 steps (40%) done

rule fastqc_pre:
    input: data/fastq/Project_TBDY_L1_DTDB05_H1220P_York_1/GN10_S19_L001_R2_001.fastq.gz
    output: qc/fastqc/fastq/Project_TBDY_L1_DTDB05_H1220P_York_1/GN10_S19_L001_R2_001_fastqc.html, qc/fastqc/fastq/Project_TBDY_L1_DTDB05_H1220P_York_1/GN10_S19_L001_R2_001_fastqc.zip
    jobid: 4
    wildcards: read=Project_TBDY_L1_DTDB05_H1220P_York_1/GN10_S19_L001_R2_001
    resources: walltime=7200, mem=1000000000

Finished job 4.
3 of 5 steps (60%) done

rule fastqc_pre:
    input: data/fastq/Project_TBDY_L1_DTDB05_H1220P_York_1/GN10_S19_L001_R1_001.fastq.gz
    output: qc/fastqc/fastq/Project_TBDY_L1_DTDB05_H1220P_York_1/GN10_S19_L001_R1_001_fastqc.html, qc/fastqc/fastq/Project_TBDY_L1_DTDB05_H1220P_York_1/GN10_S19_L001_R1_001_fastqc.zip
    jobid: 2
    wildcards: read=Project_TBDY_L1_DTDB05_H1220P_York_1/GN10_S19_L001_R1_001
    resources: walltime=7200, mem=1000000000

Finished job 2.
4 of 5 steps (80%) done

localrule all:
    input: qc/fastqc/fastq/Project_TBDY_L1_DTDB05_H1220P_York_1/GN2_S6_L001_R2_001_fastqc.html, qc/fastqc/fastq/Project_TBDY_L1_DTDB05_H1220P_York_1/GN2_S6_L001_R2_001_fastqc.zip, qc/fastqc/fastq/Project_TBDY_L1_DTDB05_H1220P_York_1/GN2_S6_L001_R1_001_fastqc.html, qc/fastqc/fastq/Project_TBDY_L1_DTDB05_H1220P_York_1/GN2_S6_L001_R1_001_fastqc.zip, qc/fastqc/fastq/Project_TBDY_L1_DTDB05_H1220P_York_1/GN10_S19_L001_R1_001_fastqc.html, qc/fastqc/fastq/Project_TBDY_L1_DTDB05_H1220P_York_1/GN10_S19_L001_R1_001_fastqc.zip, qc/fastqc/fastq/Project_TBDY_L1_DTDB05_H1220P_York_1/GN10_S19_L001_R2_001_fastqc.html, qc/fastqc/fastq/Project_TBDY_L1_DTDB05_H1220P_York_1/GN10_S19_L001_R2_001_fastqc.zip
    jobid: 0

Finished job 0.
5 of 5 steps (100%) done
